<?xml version="1.0" encoding="UTF-8"?>
<testsuite name="buy stock" tests="2" skipped="0" failures="1" errors="0" timestamp="2022-10-10T10:52:03" hostname="EPRUPETW1191" time="31.484">
  <properties/>
  <testcase name="buy stock with sufficient cash" classname="buy stock" time="31.219"/>
  <testcase name="buy stock with insufficient cash" classname="buy stock" time="0.265">
    <failure message="java.lang.AssertionError: 1 expectation failed.&#10;Expected status code &lt;400&gt; but was &lt;500&gt;.&#10;" type="java.lang.AssertionError">java.lang.AssertionError: 1 expectation failed.
Expected status code &lt;400&gt; but was &lt;500&gt;.

	at java.base/jdk.internal.reflect.NativeConstructorAccessorImpl.newInstance0(Native Method)
	at java.base/jdk.internal.reflect.NativeConstructorAccessorImpl.newInstance(NativeConstructorAccessorImpl.java:62)
	at java.base/jdk.internal.reflect.DelegatingConstructorAccessorImpl.newInstance(DelegatingConstructorAccessorImpl.java:45)
	at java.base/java.lang.reflect.Constructor.newInstance(Constructor.java:490)
	at org.codehaus.groovy.reflection.CachedConstructor.invoke(CachedConstructor.java:72)
	at org.codehaus.groovy.reflection.CachedConstructor.doConstructorInvoke(CachedConstructor.java:59)
	at org.codehaus.groovy.runtime.callsite.ConstructorSite$ConstructorSiteNoUnwrap.callConstructor(ConstructorSite.java:84)
	at org.codehaus.groovy.runtime.callsite.CallSiteArray.defaultCallConstructor(CallSiteArray.java:59)
	at org.codehaus.groovy.runtime.callsite.AbstractCallSite.callConstructor(AbstractCallSite.java:263)
	at org.codehaus.groovy.runtime.callsite.AbstractCallSite.callConstructor(AbstractCallSite.java:277)
	at io.restassured.internal.ResponseSpecificationImpl$HamcrestAssertionClosure.validate(ResponseSpecificationImpl.groovy:493)
	at io.restassured.internal.ResponseSpecificationImpl$HamcrestAssertionClosure$validate$1.call(Unknown Source)
	at org.codehaus.groovy.runtime.callsite.CallSiteArray.defaultCall(CallSiteArray.java:47)
	at org.codehaus.groovy.runtime.callsite.AbstractCallSite.call(AbstractCallSite.java:125)
	at org.codehaus.groovy.runtime.callsite.AbstractCallSite.call(AbstractCallSite.java:139)
	at io.restassured.internal.ResponseSpecificationImpl.validateResponseIfRequired(ResponseSpecificationImpl.groovy:674)
	at java.base/jdk.internal.reflect.NativeMethodAccessorImpl.invoke0(Native Method)
	at java.base/jdk.internal.reflect.NativeMethodAccessorImpl.invoke(NativeMethodAccessorImpl.java:62)
	at java.base/jdk.internal.reflect.DelegatingMethodAccessorImpl.invoke(DelegatingMethodAccessorImpl.java:43)
	at java.base/java.lang.reflect.Method.invoke(Method.java:566)
	at org.codehaus.groovy.runtime.callsite.PlainObjectMetaMethodSite.doInvoke(PlainObjectMetaMethodSite.java:43)
	at org.codehaus.groovy.runtime.callsite.PogoMetaMethodSite$PogoCachedMethodSiteNoUnwrapNoCoerce.invoke(PogoMetaMethodSite.java:193)
	at org.codehaus.groovy.runtime.callsite.PogoMetaMethodSite.callCurrent(PogoMetaMethodSite.java:61)
	at org.codehaus.groovy.runtime.callsite.CallSiteArray.defaultCallCurrent(CallSiteArray.java:51)
	at org.codehaus.groovy.runtime.callsite.AbstractCallSite.callCurrent(AbstractCallSite.java:171)
	at org.codehaus.groovy.runtime.callsite.AbstractCallSite.callCurrent(AbstractCallSite.java:185)
	at io.restassured.internal.ResponseSpecificationImpl.statusCode(ResponseSpecificationImpl.groovy:126)
	at io.restassured.specification.ResponseSpecification$statusCode$0.callCurrent(Unknown Source)
	at org.codehaus.groovy.runtime.callsite.CallSiteArray.defaultCallCurrent(CallSiteArray.java:51)
	at org.codehaus.groovy.runtime.callsite.AbstractCallSite.callCurrent(AbstractCallSite.java:171)
	at org.codehaus.groovy.runtime.callsite.AbstractCallSite.callCurrent(AbstractCallSite.java:185)
	at io.restassured.internal.ResponseSpecificationImpl.statusCode(ResponseSpecificationImpl.groovy:134)
	at io.restassured.internal.ValidatableResponseOptionsImpl.statusCode(ValidatableResponseOptionsImpl.java:89)
	at io.restassured.internal.ValidatableResponseImpl.super$2$statusCode(ValidatableResponseImpl.groovy)
	at java.base/jdk.internal.reflect.NativeMethodAccessorImpl.invoke0(Native Method)
	at java.base/jdk.internal.reflect.NativeMethodAccessorImpl.invoke(NativeMethodAccessorImpl.java:62)
	at java.base/jdk.internal.reflect.DelegatingMethodAccessorImpl.invoke(DelegatingMethodAccessorImpl.java:43)
	at java.base/java.lang.reflect.Method.invoke(Method.java:566)
	at org.codehaus.groovy.reflection.CachedMethod.invoke(CachedMethod.java:107)
	at groovy.lang.MetaMethod.doMethodInvoke(MetaMethod.java:323)
	at groovy.lang.MetaClassImpl.invokeMethod(MetaClassImpl.java:1268)
	at org.codehaus.groovy.runtime.ScriptBytecodeAdapter.invokeMethodOnSuperN(ScriptBytecodeAdapter.java:144)
	at io.restassured.internal.ValidatableResponseImpl.statusCode(ValidatableResponseImpl.groovy:142)
	at io.restassured.internal.ValidatableResponseImpl.statusCode(ValidatableResponseImpl.groovy)
	at kg.proquality.e2e.steps.AssertionSteps.notEnoughMoney(AssertionSteps.java:37)
	at âœ½.user should receive an error with message saying user has not enough money(file:///Users/Nikolai_Kuzeikin/Projects/pro-quality-trader/src/testArchitecture/resources/features/BuyStock.feature:18)
</failure>
  </testcase>
  <system-out><![CDATA[16:52:03.783 [Test worker] DEBUG org.springframework.test.context.BootstrapUtils - Instantiating CacheAwareContextLoaderDelegate from class [org.springframework.test.context.cache.DefaultCacheAwareContextLoaderDelegate]
16:52:03.795 [Test worker] DEBUG org.springframework.test.context.BootstrapUtils - Instantiating BootstrapContext using constructor [public org.springframework.test.context.support.DefaultBootstrapContext(java.lang.Class,org.springframework.test.context.CacheAwareContextLoaderDelegate)]
16:52:03.828 [Test worker] DEBUG org.springframework.test.context.BootstrapUtils - Instantiating TestContextBootstrapper for test class [kg.proquality.e2e.config.CucumberSpringConfiguration] from class [org.springframework.boot.test.context.SpringBootTestContextBootstrapper]
16:52:03.841 [Test worker] DEBUG org.springframework.test.context.support.AbstractContextLoader - Did not detect default resource location for test class [kg.proquality.e2e.config.CucumberSpringConfiguration]: class path resource [kg/proquality/e2e/config/CucumberSpringConfiguration-context.xml] does not exist
16:52:03.842 [Test worker] DEBUG org.springframework.test.context.support.AbstractContextLoader - Did not detect default resource location for test class [kg.proquality.e2e.config.CucumberSpringConfiguration]: class path resource [kg/proquality/e2e/config/CucumberSpringConfigurationContext.groovy] does not exist
16:52:03.842 [Test worker] INFO org.springframework.test.context.support.AbstractContextLoader - Could not detect default resource locations for test class [kg.proquality.e2e.config.CucumberSpringConfiguration]: no resource found for suffixes {-context.xml, Context.groovy}.
16:52:03.887 [Test worker] DEBUG org.springframework.test.context.support.ActiveProfilesUtils - Could not find an 'annotation declaring class' for annotation type [org.springframework.test.context.ActiveProfiles] and class [kg.proquality.e2e.config.CucumberSpringConfiguration]
16:52:04.023 [Test worker] DEBUG org.springframework.boot.test.context.SpringBootTestContextBootstrapper - @TestExecutionListeners is not present for class [kg.proquality.e2e.config.CucumberSpringConfiguration]: using defaults.
16:52:04.024 [Test worker] INFO org.springframework.boot.test.context.SpringBootTestContextBootstrapper - Loaded default TestExecutionListener class names from location [META-INF/spring.factories]: [org.springframework.boot.test.autoconfigure.restdocs.RestDocsTestExecutionListener, org.springframework.boot.test.autoconfigure.web.client.MockRestServiceServerResetTestExecutionListener, org.springframework.boot.test.autoconfigure.web.servlet.MockMvcPrintOnlyOnFailureTestExecutionListener, org.springframework.boot.test.autoconfigure.web.servlet.WebDriverTestExecutionListener, org.springframework.boot.test.autoconfigure.webservices.client.MockWebServiceServerTestExecutionListener, org.springframework.boot.test.mock.mockito.MockitoTestExecutionListener, org.springframework.boot.test.mock.mockito.ResetMocksTestExecutionListener, org.springframework.test.context.web.ServletTestExecutionListener, org.springframework.test.context.support.DirtiesContextBeforeModesTestExecutionListener, org.springframework.test.context.event.ApplicationEventsTestExecutionListener, org.springframework.test.context.support.DependencyInjectionTestExecutionListener, org.springframework.test.context.support.DirtiesContextTestExecutionListener, org.springframework.test.context.transaction.TransactionalTestExecutionListener, org.springframework.test.context.jdbc.SqlScriptsTestExecutionListener, org.springframework.test.context.event.EventPublishingTestExecutionListener]
16:52:04.058 [Test worker] INFO org.springframework.boot.test.context.SpringBootTestContextBootstrapper - Using TestExecutionListeners: [org.springframework.test.context.web.ServletTestExecutionListener@73d6d0c, org.springframework.test.context.support.DirtiesContextBeforeModesTestExecutionListener@e36bb2a, org.springframework.test.context.event.ApplicationEventsTestExecutionListener@3961a41a, org.springframework.boot.test.mock.mockito.MockitoTestExecutionListener@5a4ed68f, org.springframework.boot.test.autoconfigure.SpringBootDependencyInjectionTestExecutionListener@367795c7, org.springframework.test.context.support.DirtiesContextTestExecutionListener@d2387c8, org.springframework.test.context.transaction.TransactionalTestExecutionListener@3956b302, org.springframework.test.context.jdbc.SqlScriptsTestExecutionListener@1500e009, org.springframework.test.context.event.EventPublishingTestExecutionListener@1fd386c3, org.springframework.boot.test.autoconfigure.restdocs.RestDocsTestExecutionListener@edf4f36, org.springframework.boot.test.autoconfigure.web.client.MockRestServiceServerResetTestExecutionListener@29d334c, org.springframework.boot.test.autoconfigure.web.servlet.MockMvcPrintOnlyOnFailureTestExecutionListener@100f9bbe, org.springframework.boot.test.autoconfigure.web.servlet.WebDriverTestExecutionListener@13e9f2e2, org.springframework.boot.test.autoconfigure.webservices.client.MockWebServiceServerTestExecutionListener@673bb956, org.springframework.boot.test.mock.mockito.ResetMocksTestExecutionListener@cd7f1ae]

  .   ____          _            __ _ _
 /\\ / ___'_ __ _ _(_)_ __  __ _ \ \ \ \
( ( )\___ | '_ | '_| | '_ \/ _` | \ \ \ \
 \\/  ___)| |_)| | | | | || (_| |  ) ) ) )
  '  |____| .__|_| |_|_| |_\__, | / / / /
 =========|_|==============|___/=/_/_/_/
 :: Spring Boot ::                (v2.6.3)

2022-10-10 16:52:04.620  INFO 59036 --- [    Test worker] o.t.utility.ImageNameSubstitutor         : Image name substitution will be performed by: DefaultImageNameSubstitutor (composite of 'ConfigurationFileImageNameSubstitutor' and 'PrefixingImageNameSubstitutor')
2022-10-10 16:52:05.865  INFO 59036 --- [    Test worker] o.t.d.DockerClientProviderStrategy       : Found Docker environment with Environment variables, system properties and defaults. Resolved dockerHost=tcp://192.168.59.100:2376
2022-10-10 16:52:05.866  INFO 59036 --- [    Test worker] org.testcontainers.DockerClientFactory   : Docker host IP address is 192.168.59.100
2022-10-10 16:52:05.898  INFO 59036 --- [    Test worker] org.testcontainers.DockerClientFactory   : Connected to docker: 
  Server Version: 20.10.12
  API Version: 1.41
  Operating System: Buildroot 2021.02.4
  Total Memory: 5812 MB
2022-10-10 16:52:06.823  INFO 59036 --- [    Test worker] o.t.utility.RyukResourceReaper           : Ryuk started - will monitor and terminate Testcontainers containers on JVM exit
2022-10-10 16:52:06.823  INFO 59036 --- [    Test worker] org.testcontainers.DockerClientFactory   : Checking the system...
2022-10-10 16:52:06.824  INFO 59036 --- [    Test worker] org.testcontainers.DockerClientFactory   : âœ”ï¸Ž Docker server version should be at least 1.6.0
2022-10-10 16:52:07.166  INFO 59036 --- [    Test worker] org.testcontainers.DockerClientFactory   : âœ”ï¸Ž Docker environment should have more than 2GB free disk space
2022-10-10 16:52:07.167  INFO 59036 --- [    Test worker] ]]>&#x1f433;<![CDATA[ [confluentinc/cp-kafka:7.0.1]         : Creating container for image: confluentinc/cp-kafka:7.0.1
2022-10-10 16:52:07.234  INFO 59036 --- [    Test worker] ]]>&#x1f433;<![CDATA[ [confluentinc/cp-kafka:7.0.1]         : Container confluentinc/cp-kafka:7.0.1 is starting: c5650265f99001e6bc476ab963589c85e133436be82f2724c9abe4b6794525bb
2022-10-10 16:52:15.432  INFO 59036 --- [    Test worker] ]]>&#x1f433;<![CDATA[ [confluentinc/cp-kafka:7.0.1]         : Container confluentinc/cp-kafka:7.0.1 started in PT8.265729S
2022-10-10 16:52:17.742  INFO 59036 --- [    Test worker] ]]>&#x1f433;<![CDATA[ [postgres:12-alpine]                  : Creating container for image: postgres:12-alpine
2022-10-10 16:52:17.791  INFO 59036 --- [    Test worker] ]]>&#x1f433;<![CDATA[ [postgres:12-alpine]                  : Container postgres:12-alpine is starting: f0c04fda66829dc87125cdde19a09975e8b9d6930d95f7b6d0c26c6f6e40c23e
2022-10-10 16:52:19.564  INFO 59036 --- [    Test worker] ]]>&#x1f433;<![CDATA[ [postgres:12-alpine]                  : Container postgres:12-alpine started in PT1.822205S
2022-10-10 16:52:19.572  INFO 59036 --- [    Test worker] org.testcontainers.ext.ScriptUtils       : Executing database script from sql/init_schema.sql
2022-10-10 16:52:19.684  INFO 59036 --- [    Test worker] org.testcontainers.ext.ScriptUtils       : Executed database script from sql/init_schema.sql in 112 ms.
2022-10-10 16:52:19.692  INFO 59036 --- [    Test worker] k.p.e.c.CucumberSpringConfiguration      : Starting CucumberSpringConfiguration using Java 11.0.1 on EPRUPETW1191 with PID 59036 (started by Nikolai_Kuzeikin in /Users/Nikolai_Kuzeikin/Projects/pro-quality-trader)
2022-10-10 16:52:19.693  INFO 59036 --- [    Test worker] k.p.e.c.CucumberSpringConfiguration      : The following profiles are active: core,testArchitecture
2022-10-10 16:52:20.778  INFO 59036 --- [    Test worker] .s.d.r.c.RepositoryConfigurationDelegate : Bootstrapping Spring Data JPA repositories in DEFAULT mode.
2022-10-10 16:52:20.869  INFO 59036 --- [    Test worker] .s.d.r.c.RepositoryConfigurationDelegate : Finished Spring Data repository scanning in 76 ms. Found 2 JPA repository interfaces.
2022-10-10 16:52:21.886  INFO 59036 --- [    Test worker] o.s.b.w.embedded.tomcat.TomcatWebServer  : Tomcat initialized with port(s): 8085 (http)
2022-10-10 16:52:21.904  INFO 59036 --- [    Test worker] o.apache.catalina.core.StandardService   : Starting service [Tomcat]
2022-10-10 16:52:21.905  INFO 59036 --- [    Test worker] org.apache.catalina.core.StandardEngine  : Starting Servlet engine: [Apache Tomcat/9.0.56]
2022-10-10 16:52:22.049  INFO 59036 --- [    Test worker] o.a.c.c.C.[Tomcat].[localhost].[/]       : Initializing Spring embedded WebApplicationContext
2022-10-10 16:52:22.049  INFO 59036 --- [    Test worker] w.s.c.ServletWebServerApplicationContext : Root WebApplicationContext: initialization completed in 2133 ms
2022-10-10 16:52:22.302  INFO 59036 --- [    Test worker] com.zaxxer.hikari.HikariDataSource       : HikariPool-1 - Starting...
2022-10-10 16:52:22.348  INFO 59036 --- [    Test worker] com.zaxxer.hikari.HikariDataSource       : HikariPool-1 - Start completed.
2022-10-10 16:52:26.546  INFO 59036 --- [    Test worker] liquibase.database                       : Set default schema name to public
2022-10-10 16:52:26.655  INFO 59036 --- [    Test worker] liquibase.lockservice                    : Successfully acquired change log lock
2022-10-10 16:52:26.854  INFO 59036 --- [    Test worker] liquibase.changelog                      : Creating database history table with name: public.databasechangelog
2022-10-10 16:52:26.861  INFO 59036 --- [    Test worker] liquibase.changelog                      : Reading from public.databasechangelog
Running Changeset: /db/version/001/setup.json::001-schema::proquality
2022-10-10 16:52:26.952  INFO 59036 --- [    Test worker] liquibase.changelog                      : SQL in file ddl-schema.sql executed
2022-10-10 16:52:26.953  INFO 59036 --- [    Test worker] liquibase.changelog                      : ChangeSet /db/version/001/setup.json::001-schema::proquality ran successfully in 44ms
2022-10-10 16:52:26.962  INFO 59036 --- [    Test worker] liquibase.lockservice                    : Successfully released change log lock
2022-10-10 16:52:27.197  INFO 59036 --- [    Test worker] o.hibernate.jpa.internal.util.LogHelper  : HHH000204: Processing PersistenceUnitInfo [name: default]
2022-10-10 16:52:27.287  INFO 59036 --- [    Test worker] org.hibernate.Version                    : HHH000412: Hibernate ORM core version 5.6.4.Final
2022-10-10 16:52:27.569  INFO 59036 --- [    Test worker] o.hibernate.annotations.common.Version   : HCANN000001: Hibernate Commons Annotations {5.1.2.Final}
2022-10-10 16:52:27.726  INFO 59036 --- [    Test worker] org.hibernate.dialect.Dialect            : HHH000400: Using dialect: org.hibernate.dialect.PostgreSQL10Dialect
2022-10-10 16:52:28.500  INFO 59036 --- [    Test worker] o.h.e.t.j.p.i.JtaPlatformInitiator       : HHH000490: Using JtaPlatform implementation: [org.hibernate.engine.transaction.jta.platform.internal.NoJtaPlatform]
2022-10-10 16:52:28.514  INFO 59036 --- [    Test worker] j.LocalContainerEntityManagerFactoryBean : Initialized JPA EntityManagerFactory for persistence unit 'default'
2022-10-10 16:52:28.678  INFO 59036 --- [    Test worker] o.a.k.clients.consumer.ConsumerConfig    : ConsumerConfig values: 
	allow.auto.create.topics = true
	auto.commit.interval.ms = 5000
	auto.offset.reset = earliest
	bootstrap.servers = [PLAINTEXT://192.168.59.100:49285]
	check.crcs = true
	client.dns.lookup = use_all_dns_ips
	client.id = consumer-group-1-1
	client.rack = 
	connections.max.idle.ms = 540000
	default.api.timeout.ms = 60000
	enable.auto.commit = true
	exclude.internal.topics = true
	fetch.max.bytes = 52428800
	fetch.max.wait.ms = 500
	fetch.min.bytes = 1
	group.id = group-1
	group.instance.id = null
	heartbeat.interval.ms = 3000
	interceptor.classes = []
	internal.leave.group.on.close = true
	internal.throw.on.fetch.stable.offset.unsupported = false
	isolation.level = read_uncommitted
	key.deserializer = class org.apache.kafka.common.serialization.StringDeserializer
	max.partition.fetch.bytes = 1048576
	max.poll.interval.ms = 300000
	max.poll.records = 500
	metadata.max.age.ms = 300000
	metric.reporters = []
	metrics.num.samples = 2
	metrics.recording.level = INFO
	metrics.sample.window.ms = 30000
	partition.assignment.strategy = [class org.apache.kafka.clients.consumer.RangeAssignor, class org.apache.kafka.clients.consumer.CooperativeStickyAssignor]
	receive.buffer.bytes = 65536
	reconnect.backoff.max.ms = 1000
	reconnect.backoff.ms = 50
	request.timeout.ms = 30000
	retry.backoff.ms = 100
	sasl.client.callback.handler.class = null
	sasl.jaas.config = null
	sasl.kerberos.kinit.cmd = /usr/bin/kinit
	sasl.kerberos.min.time.before.relogin = 60000
	sasl.kerberos.service.name = null
	sasl.kerberos.ticket.renew.jitter = 0.05
	sasl.kerberos.ticket.renew.window.factor = 0.8
	sasl.login.callback.handler.class = null
	sasl.login.class = null
	sasl.login.refresh.buffer.seconds = 300
	sasl.login.refresh.min.period.seconds = 60
	sasl.login.refresh.window.factor = 0.8
	sasl.login.refresh.window.jitter = 0.05
	sasl.mechanism = GSSAPI
	security.protocol = PLAINTEXT
	security.providers = null
	send.buffer.bytes = 131072
	session.timeout.ms = 45000
	socket.connection.setup.timeout.max.ms = 30000
	socket.connection.setup.timeout.ms = 10000
	ssl.cipher.suites = null
	ssl.enabled.protocols = [TLSv1.2, TLSv1.3]
	ssl.endpoint.identification.algorithm = https
	ssl.engine.factory.class = null
	ssl.key.password = null
	ssl.keymanager.algorithm = SunX509
	ssl.keystore.certificate.chain = null
	ssl.keystore.key = null
	ssl.keystore.location = null
	ssl.keystore.password = null
	ssl.keystore.type = JKS
	ssl.protocol = TLSv1.3
	ssl.provider = null
	ssl.secure.random.implementation = null
	ssl.trustmanager.algorithm = PKIX
	ssl.truststore.certificates = null
	ssl.truststore.location = null
	ssl.truststore.password = null
	ssl.truststore.type = JKS
	value.deserializer = class org.springframework.kafka.support.serializer.JsonDeserializer

2022-10-10 16:52:28.869  INFO 59036 --- [    Test worker] o.a.kafka.common.utils.AppInfoParser     : Kafka version: 3.0.0
2022-10-10 16:52:28.869  INFO 59036 --- [    Test worker] o.a.kafka.common.utils.AppInfoParser     : Kafka commitId: 8cb0a5e9d3441962
2022-10-10 16:52:28.870  INFO 59036 --- [    Test worker] o.a.kafka.common.utils.AppInfoParser     : Kafka startTimeMs: 1665399148868
2022-10-10 16:52:28.875  INFO 59036 --- [    Test worker] o.a.k.clients.consumer.KafkaConsumer     : [Consumer clientId=consumer-group-1-1, groupId=group-1] Subscribed to topic(s): updateUserBalance
2022-10-10 16:52:28.882  INFO 59036 --- [    Test worker] o.a.k.clients.producer.ProducerConfig    : ProducerConfig values: 
	acks = -1
	batch.size = 10
	bootstrap.servers = [PLAINTEXT://192.168.59.100:49285]
	buffer.memory = 33554432
	client.dns.lookup = use_all_dns_ips
	client.id = producer-1
	compression.type = none
	connections.max.idle.ms = 540000
	delivery.timeout.ms = 120000
	enable.idempotence = true
	interceptor.classes = []
	key.serializer = class org.apache.kafka.common.serialization.StringSerializer
	linger.ms = 0
	max.block.ms = 60000
	max.in.flight.requests.per.connection = 5
	max.request.size = 1048576
	metadata.max.age.ms = 300000
	metadata.max.idle.ms = 300000
	metric.reporters = []
	metrics.num.samples = 2
	metrics.recording.level = INFO
	metrics.sample.window.ms = 30000
	partitioner.class = class org.apache.kafka.clients.producer.internals.DefaultPartitioner
	receive.buffer.bytes = 32768
	reconnect.backoff.max.ms = 1000
	reconnect.backoff.ms = 50
	request.timeout.ms = 30000
	retries = 2147483647
	retry.backoff.ms = 100
	sasl.client.callback.handler.class = null
	sasl.jaas.config = null
	sasl.kerberos.kinit.cmd = /usr/bin/kinit
	sasl.kerberos.min.time.before.relogin = 60000
	sasl.kerberos.service.name = null
	sasl.kerberos.ticket.renew.jitter = 0.05
	sasl.kerberos.ticket.renew.window.factor = 0.8
	sasl.login.callback.handler.class = null
	sasl.login.class = null
	sasl.login.refresh.buffer.seconds = 300
	sasl.login.refresh.min.period.seconds = 60
	sasl.login.refresh.window.factor = 0.8
	sasl.login.refresh.window.jitter = 0.05
	sasl.mechanism = GSSAPI
	security.protocol = PLAINTEXT
	security.providers = null
	send.buffer.bytes = 131072
	socket.connection.setup.timeout.max.ms = 30000
	socket.connection.setup.timeout.ms = 10000
	ssl.cipher.suites = null
	ssl.enabled.protocols = [TLSv1.2, TLSv1.3]
	ssl.endpoint.identification.algorithm = https
	ssl.engine.factory.class = null
	ssl.key.password = null
	ssl.keymanager.algorithm = SunX509
	ssl.keystore.certificate.chain = null
	ssl.keystore.key = null
	ssl.keystore.location = null
	ssl.keystore.password = null
	ssl.keystore.type = JKS
	ssl.protocol = TLSv1.3
	ssl.provider = null
	ssl.secure.random.implementation = null
	ssl.trustmanager.algorithm = PKIX
	ssl.truststore.certificates = null
	ssl.truststore.location = null
	ssl.truststore.password = null
	ssl.truststore.type = JKS
	transaction.timeout.ms = 60000
	transactional.id = null
	value.serializer = class org.springframework.kafka.support.serializer.JsonSerializer

2022-10-10 16:52:28.916  INFO 59036 --- [    Test worker] o.a.kafka.common.utils.AppInfoParser     : Kafka version: 3.0.0
2022-10-10 16:52:28.916  INFO 59036 --- [    Test worker] o.a.kafka.common.utils.AppInfoParser     : Kafka commitId: 8cb0a5e9d3441962
2022-10-10 16:52:28.917  INFO 59036 --- [    Test worker] o.a.kafka.common.utils.AppInfoParser     : Kafka startTimeMs: 1665399148916
2022-10-10 16:52:29.154  INFO 59036 --- [    Test worker] org.eclipse.jetty.util.log               : Logging initialized @26343ms to org.eclipse.jetty.util.log.Slf4jLog
2022-10-10 16:52:29.316  INFO 59036 --- [ad | producer-1] org.apache.kafka.clients.Metadata        : [Producer clientId=producer-1] Cluster ID: IQaOZhh5RZWzDGLNSilMJQ
2022-10-10 16:52:30.150  WARN 59036 --- [    Test worker] JpaBaseConfiguration$JpaWebConfiguration : spring.jpa.open-in-view is enabled by default. Therefore, database queries may be performed during view rendering. Explicitly configure spring.jpa.open-in-view to disable this warning
2022-10-10 16:52:31.147  INFO 59036 --- [    Test worker] o.a.k.clients.consumer.ConsumerConfig    : ConsumerConfig values: 
	allow.auto.create.topics = true
	auto.commit.interval.ms = 5000
	auto.offset.reset = earliest
	bootstrap.servers = [PLAINTEXT://192.168.59.100:49285]
	check.crcs = true
	client.dns.lookup = use_all_dns_ips
	client.id = consumer-ms-trader-2
	client.rack = 
	connections.max.idle.ms = 540000
	default.api.timeout.ms = 60000
	enable.auto.commit = false
	exclude.internal.topics = true
	fetch.max.bytes = 52428800
	fetch.max.wait.ms = 500
	fetch.min.bytes = 1
	group.id = ms-trader
	group.instance.id = null
	heartbeat.interval.ms = 3000
	interceptor.classes = []
	internal.leave.group.on.close = true
	internal.throw.on.fetch.stable.offset.unsupported = false
	isolation.level = read_uncommitted
	key.deserializer = class org.apache.kafka.common.serialization.StringDeserializer
	max.partition.fetch.bytes = 1048576
	max.poll.interval.ms = 300000
	max.poll.records = 500
	metadata.max.age.ms = 300000
	metric.reporters = []
	metrics.num.samples = 2
	metrics.recording.level = INFO
	metrics.sample.window.ms = 30000
	partition.assignment.strategy = [class org.apache.kafka.clients.consumer.RangeAssignor, class org.apache.kafka.clients.consumer.CooperativeStickyAssignor]
	receive.buffer.bytes = 65536
	reconnect.backoff.max.ms = 1000
	reconnect.backoff.ms = 50
	request.timeout.ms = 30000
	retry.backoff.ms = 100
	sasl.client.callback.handler.class = null
	sasl.jaas.config = null
	sasl.kerberos.kinit.cmd = /usr/bin/kinit
	sasl.kerberos.min.time.before.relogin = 60000
	sasl.kerberos.service.name = null
	sasl.kerberos.ticket.renew.jitter = 0.05
	sasl.kerberos.ticket.renew.window.factor = 0.8
	sasl.login.callback.handler.class = null
	sasl.login.class = null
	sasl.login.refresh.buffer.seconds = 300
	sasl.login.refresh.min.period.seconds = 60
	sasl.login.refresh.window.factor = 0.8
	sasl.login.refresh.window.jitter = 0.05
	sasl.mechanism = GSSAPI
	security.protocol = PLAINTEXT
	security.providers = null
	send.buffer.bytes = 131072
	session.timeout.ms = 45000
	socket.connection.setup.timeout.max.ms = 30000
	socket.connection.setup.timeout.ms = 10000
	ssl.cipher.suites = null
	ssl.enabled.protocols = [TLSv1.2, TLSv1.3]
	ssl.endpoint.identification.algorithm = https
	ssl.engine.factory.class = null
	ssl.key.password = null
	ssl.keymanager.algorithm = SunX509
	ssl.keystore.certificate.chain = null
	ssl.keystore.key = null
	ssl.keystore.location = null
	ssl.keystore.password = null
	ssl.keystore.type = JKS
	ssl.protocol = TLSv1.3
	ssl.provider = null
	ssl.secure.random.implementation = null
	ssl.trustmanager.algorithm = PKIX
	ssl.truststore.certificates = null
	ssl.truststore.location = null
	ssl.truststore.password = null
	ssl.truststore.type = JKS
	value.deserializer = class org.springframework.kafka.support.serializer.JsonDeserializer

2022-10-10 16:52:31.158  INFO 59036 --- [    Test worker] o.a.kafka.common.utils.AppInfoParser     : Kafka version: 3.0.0
2022-10-10 16:52:31.158  INFO 59036 --- [    Test worker] o.a.kafka.common.utils.AppInfoParser     : Kafka commitId: 8cb0a5e9d3441962
2022-10-10 16:52:31.158  INFO 59036 --- [    Test worker] o.a.kafka.common.utils.AppInfoParser     : Kafka startTimeMs: 1665399151158
2022-10-10 16:52:31.160  INFO 59036 --- [    Test worker] o.a.k.clients.consumer.KafkaConsumer     : [Consumer clientId=consumer-ms-trader-2, groupId=ms-trader] Subscribed to topic(s): updateStockPrice
2022-10-10 16:52:31.208  INFO 59036 --- [    Test worker] o.s.b.w.embedded.tomcat.TomcatWebServer  : Tomcat started on port(s): 8085 (http) with context path ''
2022-10-10 16:52:31.220  INFO 59036 --- [    Test worker] k.p.e.c.CucumberSpringConfiguration      : Started CucumberSpringConfiguration in 27.135 seconds (JVM running for 28.41)
2022-10-10 16:52:31.290  WARN 59036 --- [ntainer#0-0-C-1] org.apache.kafka.clients.NetworkClient   : [Consumer clientId=consumer-ms-trader-2, groupId=ms-trader] Error while fetching metadata with correlation id 2 : {updateStockPrice=LEADER_NOT_AVAILABLE}
2022-10-10 16:52:31.290  INFO 59036 --- [ntainer#0-0-C-1] org.apache.kafka.clients.Metadata        : [Consumer clientId=consumer-ms-trader-2, groupId=ms-trader] Cluster ID: IQaOZhh5RZWzDGLNSilMJQ
2022-10-10 16:52:31.408  WARN 59036 --- [ntainer#0-0-C-1] org.apache.kafka.clients.NetworkClient   : [Consumer clientId=consumer-ms-trader-2, groupId=ms-trader] Error while fetching metadata with correlation id 4 : {updateStockPrice=LEADER_NOT_AVAILABLE}
2022-10-10 16:52:31.517  WARN 59036 --- [ntainer#0-0-C-1] org.apache.kafka.clients.NetworkClient   : [Consumer clientId=consumer-ms-trader-2, groupId=ms-trader] Error while fetching metadata with correlation id 6 : {updateStockPrice=LEADER_NOT_AVAILABLE}
2022-10-10 16:52:31.532  INFO 59036 --- [    Test worker] kg.proquality.e2e.hooks.CucumberHooks    : Started wiremock server
2022-10-10 16:52:31.535  INFO 59036 --- [    Test worker] org.eclipse.jetty.server.Server          : jetty-9.4.44.v20210927; built: 2021-09-27T23:02:44.612Z; git: 8da83308eeca865e495e53ef315a249d63ba9332; jvm 11.0.1+13
2022-10-10 16:52:31.573  INFO 59036 --- [    Test worker] o.e.jetty.server.handler.ContextHandler  : Started o.e.j.s.ServletContextHandler@68603829{/__admin,null,AVAILABLE}
2022-10-10 16:52:31.577  INFO 59036 --- [    Test worker] o.e.jetty.server.handler.ContextHandler  : Started o.e.j.s.ServletContextHandler@6aca85da{/,null,AVAILABLE}
2022-10-10 16:52:31.594  INFO 59036 --- [    Test worker] o.e.jetty.server.AbstractConnector       : Started NetworkTrafficServerConnector@4494ed08{HTTP/1.1, (http/1.1)}{0.0.0.0:8080}
2022-10-10 16:52:31.594  INFO 59036 --- [    Test worker] org.eclipse.jetty.server.Server          : Started @28784ms
2022-10-10 16:52:31.624  WARN 59036 --- [ntainer#0-0-C-1] org.apache.kafka.clients.NetworkClient   : [Consumer clientId=consumer-ms-trader-2, groupId=ms-trader] Error while fetching metadata with correlation id 8 : {updateStockPrice=LEADER_NOT_AVAILABLE}
2022-10-10 16:52:31.732  WARN 59036 --- [ntainer#0-0-C-1] org.apache.kafka.clients.NetworkClient   : [Consumer clientId=consumer-ms-trader-2, groupId=ms-trader] Error while fetching metadata with correlation id 10 : {updateStockPrice=LEADER_NOT_AVAILABLE}
2022-10-10 16:52:31.965  INFO 59036 --- [ntainer#0-0-C-1] o.a.k.c.c.internals.ConsumerCoordinator  : [Consumer clientId=consumer-ms-trader-2, groupId=ms-trader] Discovered group coordinator 192.168.59.100:49285 (id: 2147483646 rack: null)
2022-10-10 16:52:31.969  INFO 59036 --- [ntainer#0-0-C-1] o.a.k.c.c.internals.ConsumerCoordinator  : [Consumer clientId=consumer-ms-trader-2, groupId=ms-trader] (Re-)joining group
2022-10-10 16:52:32.024  INFO 59036 --- [ntainer#0-0-C-1] o.a.k.c.c.internals.ConsumerCoordinator  : [Consumer clientId=consumer-ms-trader-2, groupId=ms-trader] Request joining group due to: need to re-join with the given member-id
2022-10-10 16:52:32.025  INFO 59036 --- [ntainer#0-0-C-1] o.a.k.c.c.internals.ConsumerCoordinator  : [Consumer clientId=consumer-ms-trader-2, groupId=ms-trader] (Re-)joining group
2022-10-10 16:52:32.084  INFO 59036 --- [ntainer#0-0-C-1] o.a.k.c.c.internals.ConsumerCoordinator  : [Consumer clientId=consumer-ms-trader-2, groupId=ms-trader] Successfully joined group with generation Generation{generationId=1, memberId='consumer-ms-trader-2-c517682b-c300-4141-833c-9c54b9d25f36', protocol='range'}
2022-10-10 16:52:32.087  INFO 59036 --- [ntainer#0-0-C-1] o.a.k.c.c.internals.ConsumerCoordinator  : [Consumer clientId=consumer-ms-trader-2, groupId=ms-trader] Finished assignment for group at generation 1: {consumer-ms-trader-2-c517682b-c300-4141-833c-9c54b9d25f36=Assignment(partitions=[updateStockPrice-0])}
2022-10-10 16:52:32.255  INFO 59036 --- [ntainer#0-0-C-1] o.a.k.c.c.internals.ConsumerCoordinator  : [Consumer clientId=consumer-ms-trader-2, groupId=ms-trader] Successfully synced group in generation Generation{generationId=1, memberId='consumer-ms-trader-2-c517682b-c300-4141-833c-9c54b9d25f36', protocol='range'}
2022-10-10 16:52:32.256  INFO 59036 --- [ntainer#0-0-C-1] o.a.k.c.c.internals.ConsumerCoordinator  : [Consumer clientId=consumer-ms-trader-2, groupId=ms-trader] Notifying assignor about the new Assignment(partitions=[updateStockPrice-0])
2022-10-10 16:52:32.262  INFO 59036 --- [ntainer#0-0-C-1] o.a.k.c.c.internals.ConsumerCoordinator  : [Consumer clientId=consumer-ms-trader-2, groupId=ms-trader] Adding newly assigned partitions: updateStockPrice-0
2022-10-10 16:52:32.296  INFO 59036 --- [ntainer#0-0-C-1] o.a.k.c.c.internals.ConsumerCoordinator  : [Consumer clientId=consumer-ms-trader-2, groupId=ms-trader] Found no committed offset for partition updateStockPrice-0
2022-10-10 16:52:32.327  INFO 59036 --- [ntainer#0-0-C-1] o.a.k.c.c.internals.SubscriptionState    : [Consumer clientId=consumer-ms-trader-2, groupId=ms-trader] Resetting offset for partition updateStockPrice-0 to position FetchPosition{offset=0, offsetEpoch=Optional.empty, currentLeader=LeaderAndEpoch{leader=Optional[192.168.59.100:49285 (id: 1 rack: null)], epoch=0}}.
2022-10-10 16:52:32.329  INFO 59036 --- [ntainer#0-0-C-1] o.s.k.l.KafkaMessageListenerContainer    : ms-trader: partitions assigned: [updateStockPrice-0]
Request method:	POST
Request URI:	http://localhost:8085/api/v1/trader/1234/stocks/buy
Proxy:			<none>
Request params:	<none>
Query params:	<none>
Form params:	<none>
Path params:	userId=1234
Headers:		Accept=*/*
				Content-Type=application/json; charset=UTF-8
Cookies:		<none>
Multiparts:		<none>
Body:
{
    "stockId": 6,
    "amount": 5
}
2022-10-10 16:52:33.371  INFO 59036 --- [nio-8085-exec-1] o.a.c.c.C.[Tomcat].[localhost].[/]       : Initializing Spring DispatcherServlet 'dispatcherServlet'
2022-10-10 16:52:33.371  INFO 59036 --- [nio-8085-exec-1] o.s.web.servlet.DispatcherServlet        : Initializing Servlet 'dispatcherServlet'
2022-10-10 16:52:33.373  INFO 59036 --- [nio-8085-exec-1] o.s.web.servlet.DispatcherServlet        : Completed initialization in 2 ms
2022-10-10 16:52:33.700  INFO 59036 --- [tp1064249035-46] o.e.j.s.handler.ContextHandler.ROOT      : RequestHandlerClass from context returned com.github.tomakehurst.wiremock.http.StubRequestHandler. Normalized mapped under returned 'null'
2022-10-10 16:52:34.442  INFO 59036 --- [nio-8085-exec-1] o.a.k.clients.producer.ProducerConfig    : ProducerConfig values: 
	acks = -1
	batch.size = 16384
	bootstrap.servers = [PLAINTEXT://192.168.59.100:49285]
	buffer.memory = 33554432
	client.dns.lookup = use_all_dns_ips
	client.id = producer-2
	compression.type = none
	connections.max.idle.ms = 540000
	delivery.timeout.ms = 120000
	enable.idempotence = true
	interceptor.classes = []
	key.serializer = class org.apache.kafka.common.serialization.StringSerializer
	linger.ms = 0
	max.block.ms = 60000
	max.in.flight.requests.per.connection = 5
	max.request.size = 1048576
	metadata.max.age.ms = 300000
	metadata.max.idle.ms = 300000
	metric.reporters = []
	metrics.num.samples = 2
	metrics.recording.level = INFO
	metrics.sample.window.ms = 30000
	partitioner.class = class org.apache.kafka.clients.producer.internals.DefaultPartitioner
	receive.buffer.bytes = 32768
	reconnect.backoff.max.ms = 1000
	reconnect.backoff.ms = 50
	request.timeout.ms = 30000
	retries = 2147483647
	retry.backoff.ms = 100
	sasl.client.callback.handler.class = null
	sasl.jaas.config = null
	sasl.kerberos.kinit.cmd = /usr/bin/kinit
	sasl.kerberos.min.time.before.relogin = 60000
	sasl.kerberos.service.name = null
	sasl.kerberos.ticket.renew.jitter = 0.05
	sasl.kerberos.ticket.renew.window.factor = 0.8
	sasl.login.callback.handler.class = null
	sasl.login.class = null
	sasl.login.refresh.buffer.seconds = 300
	sasl.login.refresh.min.period.seconds = 60
	sasl.login.refresh.window.factor = 0.8
	sasl.login.refresh.window.jitter = 0.05
	sasl.mechanism = GSSAPI
	security.protocol = PLAINTEXT
	security.providers = null
	send.buffer.bytes = 131072
	socket.connection.setup.timeout.max.ms = 30000
	socket.connection.setup.timeout.ms = 10000
	ssl.cipher.suites = null
	ssl.enabled.protocols = [TLSv1.2, TLSv1.3]
	ssl.endpoint.identification.algorithm = https
	ssl.engine.factory.class = null
	ssl.key.password = null
	ssl.keymanager.algorithm = SunX509
	ssl.keystore.certificate.chain = null
	ssl.keystore.key = null
	ssl.keystore.location = null
	ssl.keystore.password = null
	ssl.keystore.type = JKS
	ssl.protocol = TLSv1.3
	ssl.provider = null
	ssl.secure.random.implementation = null
	ssl.trustmanager.algorithm = PKIX
	ssl.truststore.certificates = null
	ssl.truststore.location = null
	ssl.truststore.password = null
	ssl.truststore.type = JKS
	transaction.timeout.ms = 60000
	transactional.id = null
	value.serializer = class org.springframework.kafka.support.serializer.JsonSerializer

2022-10-10 16:52:34.455  INFO 59036 --- [nio-8085-exec-1] o.a.kafka.common.utils.AppInfoParser     : Kafka version: 3.0.0
2022-10-10 16:52:34.455  INFO 59036 --- [nio-8085-exec-1] o.a.kafka.common.utils.AppInfoParser     : Kafka commitId: 8cb0a5e9d3441962
2022-10-10 16:52:34.455  INFO 59036 --- [nio-8085-exec-1] o.a.kafka.common.utils.AppInfoParser     : Kafka startTimeMs: 1665399154455
2022-10-10 16:52:34.509  WARN 59036 --- [ad | producer-2] org.apache.kafka.clients.NetworkClient   : [Producer clientId=producer-2] Error while fetching metadata with correlation id 1 : {updateUserBalance=LEADER_NOT_AVAILABLE}
2022-10-10 16:52:34.510  INFO 59036 --- [ad | producer-2] org.apache.kafka.clients.Metadata        : [Producer clientId=producer-2] Cluster ID: IQaOZhh5RZWzDGLNSilMJQ
2022-10-10 16:52:34.690  INFO 59036 --- [ad | producer-2] k.p.t.p.UpdateUserBalanceProducer        : Sent message with payload: UpdateUserBalanceUpdateEvent(userId=1234, balanceUpdate=-50.0)
HTTP/1.1 204 
Date: Mon, 10 Oct 2022 10:52:34 GMT
Keep-Alive: timeout=60
Connection: keep-alive
2022-10-10 16:52:34.829  INFO 59036 --- [    Test worker] org.apache.kafka.clients.Metadata        : [Consumer clientId=consumer-group-1-1, groupId=group-1] Cluster ID: IQaOZhh5RZWzDGLNSilMJQ
2022-10-10 16:52:34.831  INFO 59036 --- [    Test worker] o.a.k.c.c.internals.ConsumerCoordinator  : [Consumer clientId=consumer-group-1-1, groupId=group-1] Discovered group coordinator 192.168.59.100:49285 (id: 2147483646 rack: null)
2022-10-10 16:52:34.833  INFO 59036 --- [    Test worker] o.a.k.c.c.internals.ConsumerCoordinator  : [Consumer clientId=consumer-group-1-1, groupId=group-1] (Re-)joining group
2022-10-10 16:52:34.840  INFO 59036 --- [    Test worker] o.a.k.c.c.internals.ConsumerCoordinator  : [Consumer clientId=consumer-group-1-1, groupId=group-1] Request joining group due to: need to re-join with the given member-id
2022-10-10 16:52:34.840  INFO 59036 --- [    Test worker] o.a.k.c.c.internals.ConsumerCoordinator  : [Consumer clientId=consumer-group-1-1, groupId=group-1] (Re-)joining group
2022-10-10 16:52:34.849  INFO 59036 --- [    Test worker] o.a.k.c.c.internals.ConsumerCoordinator  : [Consumer clientId=consumer-group-1-1, groupId=group-1] Successfully joined group with generation Generation{generationId=1, memberId='consumer-group-1-1-21dad6e5-4b79-4e3e-8dac-17ac0ebdefba', protocol='range'}
2022-10-10 16:52:34.849  INFO 59036 --- [    Test worker] o.a.k.c.c.internals.ConsumerCoordinator  : [Consumer clientId=consumer-group-1-1, groupId=group-1] Finished assignment for group at generation 1: {consumer-group-1-1-21dad6e5-4b79-4e3e-8dac-17ac0ebdefba=Assignment(partitions=[updateUserBalance-0])}
2022-10-10 16:52:34.856  INFO 59036 --- [    Test worker] o.a.k.c.c.internals.ConsumerCoordinator  : [Consumer clientId=consumer-group-1-1, groupId=group-1] Successfully synced group in generation Generation{generationId=1, memberId='consumer-group-1-1-21dad6e5-4b79-4e3e-8dac-17ac0ebdefba', protocol='range'}
2022-10-10 16:52:34.857  INFO 59036 --- [    Test worker] o.a.k.c.c.internals.ConsumerCoordinator  : [Consumer clientId=consumer-group-1-1, groupId=group-1] Notifying assignor about the new Assignment(partitions=[updateUserBalance-0])
2022-10-10 16:52:34.857  INFO 59036 --- [    Test worker] o.a.k.c.c.internals.ConsumerCoordinator  : [Consumer clientId=consumer-group-1-1, groupId=group-1] Adding newly assigned partitions: updateUserBalance-0
2022-10-10 16:52:34.861  INFO 59036 --- [    Test worker] o.a.k.c.c.internals.ConsumerCoordinator  : [Consumer clientId=consumer-group-1-1, groupId=group-1] Found no committed offset for partition updateUserBalance-0
2022-10-10 16:52:34.870  INFO 59036 --- [    Test worker] o.a.k.c.c.internals.SubscriptionState    : [Consumer clientId=consumer-group-1-1, groupId=group-1] Resetting offset for partition updateUserBalance-0 to position FetchPosition{offset=0, offsetEpoch=Optional.empty, currentLeader=LeaderAndEpoch{leader=Optional[192.168.59.100:49285 (id: 1 rack: null)], epoch=0}}.
2022-10-10 16:52:34.905  INFO 59036 --- [    Test worker] kg.proquality.e2e.hooks.CucumberHooks    : Shut down wiremock server
2022-10-10 16:52:34.915  INFO 59036 --- [    Test worker] o.s.t.c.support.AbstractContextLoader    : Could not detect default resource locations for test class [kg.proquality.e2e.config.CucumberSpringConfiguration]: no resource found for suffixes {-context.xml, Context.groovy}.
2022-10-10 16:52:34.919  INFO 59036 --- [    Test worker] .b.t.c.SpringBootTestContextBootstrapper : Loaded default TestExecutionListener class names from location [META-INF/spring.factories]: [org.springframework.boot.test.autoconfigure.restdocs.RestDocsTestExecutionListener, org.springframework.boot.test.autoconfigure.web.client.MockRestServiceServerResetTestExecutionListener, org.springframework.boot.test.autoconfigure.web.servlet.MockMvcPrintOnlyOnFailureTestExecutionListener, org.springframework.boot.test.autoconfigure.web.servlet.WebDriverTestExecutionListener, org.springframework.boot.test.autoconfigure.webservices.client.MockWebServiceServerTestExecutionListener, org.springframework.boot.test.mock.mockito.MockitoTestExecutionListener, org.springframework.boot.test.mock.mockito.ResetMocksTestExecutionListener, org.springframework.test.context.web.ServletTestExecutionListener, org.springframework.test.context.support.DirtiesContextBeforeModesTestExecutionListener, org.springframework.test.context.event.ApplicationEventsTestExecutionListener, org.springframework.test.context.support.DependencyInjectionTestExecutionListener, org.springframework.test.context.support.DirtiesContextTestExecutionListener, org.springframework.test.context.transaction.TransactionalTestExecutionListener, org.springframework.test.context.jdbc.SqlScriptsTestExecutionListener, org.springframework.test.context.event.EventPublishingTestExecutionListener]
2022-10-10 16:52:34.920  INFO 59036 --- [    Test worker] .b.t.c.SpringBootTestContextBootstrapper : Using TestExecutionListeners: [org.springframework.test.context.web.ServletTestExecutionListener@22ecee76, org.springframework.test.context.support.DirtiesContextBeforeModesTestExecutionListener@905e189, org.springframework.test.context.event.ApplicationEventsTestExecutionListener@7b31281b, org.springframework.boot.test.mock.mockito.MockitoTestExecutionListener@5381acc6, org.springframework.boot.test.autoconfigure.SpringBootDependencyInjectionTestExecutionListener@16db679e, org.springframework.test.context.support.DirtiesContextTestExecutionListener@3074d565, org.springframework.test.context.transaction.TransactionalTestExecutionListener@42775280, org.springframework.test.context.jdbc.SqlScriptsTestExecutionListener@1cce2194, org.springframework.test.context.event.EventPublishingTestExecutionListener@51645204, org.springframework.boot.test.autoconfigure.restdocs.RestDocsTestExecutionListener@472d7ab0, org.springframework.boot.test.autoconfigure.web.client.MockRestServiceServerResetTestExecutionListener@3f36d387, org.springframework.boot.test.autoconfigure.web.servlet.MockMvcPrintOnlyOnFailureTestExecutionListener@52999774, org.springframework.boot.test.autoconfigure.web.servlet.WebDriverTestExecutionListener@211e1b51, org.springframework.boot.test.autoconfigure.webservices.client.MockWebServiceServerTestExecutionListener@d4a1d38, org.springframework.boot.test.mock.mockito.ResetMocksTestExecutionListener@4694dfd]
2022-10-10 16:52:34.930  INFO 59036 --- [    Test worker] kg.proquality.e2e.hooks.CucumberHooks    : Started wiremock server
Request method:	POST
Request URI:	http://localhost:8085/api/v1/trader/1234/stocks/buy
Proxy:			<none>
Request params:	<none>
Query params:	<none>
Form params:	<none>
Path params:	userId=1234
Headers:		Accept=*/*
				Content-Type=application/json; charset=UTF-8
Cookies:		<none>
Multiparts:		<none>
Body:
{
    "stockId": 7,
    "amount": 5
}
2022-10-10 16:52:35.033  INFO 59036 --- [      Thread-12] o.e.jetty.server.AbstractConnector       : Stopped NetworkTrafficServerConnector@4494ed08{HTTP/1.1, (http/1.1)}{0.0.0.0:8080}
2022-10-10 16:52:35.037  INFO 59036 --- [      Thread-12] o.e.jetty.server.handler.ContextHandler  : Stopped o.e.j.s.ServletContextHandler@6aca85da{/,null,STOPPED}
2022-10-10 16:52:35.038  INFO 59036 --- [      Thread-12] o.e.jetty.server.handler.ContextHandler  : Stopped o.e.j.s.ServletContextHandler@68603829{/__admin,null,STOPPED}
2022-10-10 16:52:35.054 ERROR 59036 --- [nio-8085-exec-2] o.a.c.c.C.[.[.[/].[dispatcherServlet]    : Servlet.service() for servlet [dispatcherServlet] in context with path [] threw exception [Request processing failed; nested exception is kg.proquality.trader.exception.NeedMoreMoneyException: Not enough money to buy stock. Required sum: 50.000000] with root cause

kg.proquality.trader.exception.NeedMoreMoneyException: Not enough money to buy stock. Required sum: 50.000000
	at kg.proquality.trader.service.StockOperationService.checkIfUserHasMoney(StockOperationService.java:79) ~[main/:na]
	at kg.proquality.trader.service.StockOperationService.buyStock(StockOperationService.java:34) ~[main/:na]
	at kg.proquality.trader.controller.TraderController.buyStock(TraderController.java:51) ~[main/:na]
	at java.base/jdk.internal.reflect.NativeMethodAccessorImpl.invoke0(Native Method) ~[na:na]
	at java.base/jdk.internal.reflect.NativeMethodAccessorImpl.invoke(NativeMethodAccessorImpl.java:62) ~[na:na]
	at java.base/jdk.internal.reflect.DelegatingMethodAccessorImpl.invoke(DelegatingMethodAccessorImpl.java:43) ~[na:na]
	at java.base/java.lang.reflect.Method.invoke(Method.java:566) ~[na:na]
	at org.springframework.web.method.support.InvocableHandlerMethod.doInvoke(InvocableHandlerMethod.java:205) ~[spring-web-5.3.15.jar:5.3.15]
	at org.springframework.web.method.support.InvocableHandlerMethod.invokeForRequest(InvocableHandlerMethod.java:150) ~[spring-web-5.3.15.jar:5.3.15]
	at org.springframework.web.servlet.mvc.method.annotation.ServletInvocableHandlerMethod.invokeAndHandle(ServletInvocableHandlerMethod.java:117) ~[spring-webmvc-5.3.15.jar:5.3.15]
	at org.springframework.web.servlet.mvc.method.annotation.RequestMappingHandlerAdapter.invokeHandlerMethod(RequestMappingHandlerAdapter.java:895) ~[spring-webmvc-5.3.15.jar:5.3.15]
	at org.springframework.web.servlet.mvc.method.annotation.RequestMappingHandlerAdapter.handleInternal(RequestMappingHandlerAdapter.java:808) ~[spring-webmvc-5.3.15.jar:5.3.15]
	at org.springframework.web.servlet.mvc.method.AbstractHandlerMethodAdapter.handle(AbstractHandlerMethodAdapter.java:87) ~[spring-webmvc-5.3.15.jar:5.3.15]
	at org.springframework.web.servlet.DispatcherServlet.doDispatch(DispatcherServlet.java:1067) ~[spring-webmvc-5.3.15.jar:5.3.15]
	at org.springframework.web.servlet.DispatcherServlet.doService(DispatcherServlet.java:963) ~[spring-webmvc-5.3.15.jar:5.3.15]
	at org.springframework.web.servlet.FrameworkServlet.processRequest(FrameworkServlet.java:1006) ~[spring-webmvc-5.3.15.jar:5.3.15]
	at org.springframework.web.servlet.FrameworkServlet.doPost(FrameworkServlet.java:909) ~[spring-webmvc-5.3.15.jar:5.3.15]
	at javax.servlet.http.HttpServlet.service(HttpServlet.java:681) ~[tomcat-embed-core-9.0.56.jar:4.0.FR]
	at org.springframework.web.servlet.FrameworkServlet.service(FrameworkServlet.java:883) ~[spring-webmvc-5.3.15.jar:5.3.15]
	at javax.servlet.http.HttpServlet.service(HttpServlet.java:764) ~[tomcat-embed-core-9.0.56.jar:4.0.FR]
	at org.apache.catalina.core.ApplicationFilterChain.internalDoFilter(ApplicationFilterChain.java:227) ~[tomcat-embed-core-9.0.56.jar:9.0.56]
	at org.apache.catalina.core.ApplicationFilterChain.doFilter(ApplicationFilterChain.java:162) ~[tomcat-embed-core-9.0.56.jar:9.0.56]
	at org.apache.tomcat.websocket.server.WsFilter.doFilter(WsFilter.java:53) ~[tomcat-embed-websocket-9.0.56.jar:9.0.56]
	at org.apache.catalina.core.ApplicationFilterChain.internalDoFilter(ApplicationFilterChain.java:189) ~[tomcat-embed-core-9.0.56.jar:9.0.56]
	at org.apache.catalina.core.ApplicationFilterChain.doFilter(ApplicationFilterChain.java:162) ~[tomcat-embed-core-9.0.56.jar:9.0.56]
	at org.springframework.web.filter.RequestContextFilter.doFilterInternal(RequestContextFilter.java:100) ~[spring-web-5.3.15.jar:5.3.15]
	at org.springframework.web.filter.OncePerRequestFilter.doFilter(OncePerRequestFilter.java:117) ~[spring-web-5.3.15.jar:5.3.15]
	at org.apache.catalina.core.ApplicationFilterChain.internalDoFilter(ApplicationFilterChain.java:189) ~[tomcat-embed-core-9.0.56.jar:9.0.56]
	at org.apache.catalina.core.ApplicationFilterChain.doFilter(ApplicationFilterChain.java:162) ~[tomcat-embed-core-9.0.56.jar:9.0.56]
	at org.springframework.web.filter.FormContentFilter.doFilterInternal(FormContentFilter.java:93) ~[spring-web-5.3.15.jar:5.3.15]
	at org.springframework.web.filter.OncePerRequestFilter.doFilter(OncePerRequestFilter.java:117) ~[spring-web-5.3.15.jar:5.3.15]
	at org.apache.catalina.core.ApplicationFilterChain.internalDoFilter(ApplicationFilterChain.java:189) ~[tomcat-embed-core-9.0.56.jar:9.0.56]
	at org.apache.catalina.core.ApplicationFilterChain.doFilter(ApplicationFilterChain.java:162) ~[tomcat-embed-core-9.0.56.jar:9.0.56]
	at org.springframework.web.filter.CharacterEncodingFilter.doFilterInternal(CharacterEncodingFilter.java:201) ~[spring-web-5.3.15.jar:5.3.15]
	at org.springframework.web.filter.OncePerRequestFilter.doFilter(OncePerRequestFilter.java:117) ~[spring-web-5.3.15.jar:5.3.15]
	at org.apache.catalina.core.ApplicationFilterChain.internalDoFilter(ApplicationFilterChain.java:189) ~[tomcat-embed-core-9.0.56.jar:9.0.56]
	at org.apache.catalina.core.ApplicationFilterChain.doFilter(ApplicationFilterChain.java:162) ~[tomcat-embed-core-9.0.56.jar:9.0.56]
	at org.apache.catalina.core.StandardWrapperValve.invoke(StandardWrapperValve.java:197) ~[tomcat-embed-core-9.0.56.jar:9.0.56]
	at org.apache.catalina.core.StandardContextValve.invoke(StandardContextValve.java:97) ~[tomcat-embed-core-9.0.56.jar:9.0.56]
	at org.apache.catalina.authenticator.AuthenticatorBase.invoke(AuthenticatorBase.java:540) ~[tomcat-embed-core-9.0.56.jar:9.0.56]
	at org.apache.catalina.core.StandardHostValve.invoke(StandardHostValve.java:135) ~[tomcat-embed-core-9.0.56.jar:9.0.56]
	at org.apache.catalina.valves.ErrorReportValve.invoke(ErrorReportValve.java:92) ~[tomcat-embed-core-9.0.56.jar:9.0.56]
	at org.apache.catalina.core.StandardEngineValve.invoke(StandardEngineValve.java:78) ~[tomcat-embed-core-9.0.56.jar:9.0.56]
	at org.apache.catalina.connector.CoyoteAdapter.service(CoyoteAdapter.java:357) ~[tomcat-embed-core-9.0.56.jar:9.0.56]
	at org.apache.coyote.http11.Http11Processor.service(Http11Processor.java:382) ~[tomcat-embed-core-9.0.56.jar:9.0.56]
	at org.apache.coyote.AbstractProcessorLight.process(AbstractProcessorLight.java:65) ~[tomcat-embed-core-9.0.56.jar:9.0.56]
	at org.apache.coyote.AbstractProtocol$ConnectionHandler.process(AbstractProtocol.java:895) ~[tomcat-embed-core-9.0.56.jar:9.0.56]
	at org.apache.tomcat.util.net.NioEndpoint$SocketProcessor.doRun(NioEndpoint.java:1732) ~[tomcat-embed-core-9.0.56.jar:9.0.56]
	at org.apache.tomcat.util.net.SocketProcessorBase.run(SocketProcessorBase.java:49) ~[tomcat-embed-core-9.0.56.jar:9.0.56]
	at org.apache.tomcat.util.threads.ThreadPoolExecutor.runWorker(ThreadPoolExecutor.java:1191) ~[tomcat-embed-core-9.0.56.jar:9.0.56]
	at org.apache.tomcat.util.threads.ThreadPoolExecutor$Worker.run(ThreadPoolExecutor.java:659) ~[tomcat-embed-core-9.0.56.jar:9.0.56]
	at org.apache.tomcat.util.threads.TaskThread$WrappingRunnable.run(TaskThread.java:61) ~[tomcat-embed-core-9.0.56.jar:9.0.56]
	at java.base/java.lang.Thread.run(Thread.java:834) ~[na:na]

HTTP/1.1 500 
Content-Type: application/json
Transfer-Encoding: chunked
Date: Mon, 10 Oct 2022 10:52:34 GMT
Connection: close

{
    "timestamp": "2022-10-10T10:52:35.067+00:00",
    "status": 500,
    "error": "Internal Server Error",
    "path": "/api/v1/trader/1234/stocks/buy"
}
HTTP/1.1 500 
Content-Type: application/json
Transfer-Encoding: chunked
Date: Mon, 10 Oct 2022 10:52:34 GMT
Connection: close

{
    "timestamp": "2022-10-10T10:52:35.067+00:00",
    "status": 500,
    "error": "Internal Server Error",
    "path": "/api/v1/trader/1234/stocks/buy"
}
2022-10-10 16:52:35.172  INFO 59036 --- [    Test worker] kg.proquality.e2e.hooks.CucumberHooks    : Shut down wiremock server
]]></system-out>
  <system-err><![CDATA[]]></system-err>
</testsuite>
